{"level":"warn","message":{"email":"vepeham116@oronny.com"},"service":"user-service"}
{"level":"warn","message":{"email":"vepeham116@oronny.com"},"service":"user-service"}
{"email":"vepeham116@oronny.com","level":"warn","message":"User with this email already exists","service":"user-service"}
{"email":"vepeham116@oronny.com","level":"warn","message":"User with this email already exists","service":"user-service","timestamp":"2025-04-02T10:04:18.814Z"}
{"email":"vepeham116@oronny.com","level":"warn","message":"User with this email already exists","service":"user-service","timestamp":"15:35:03"}
{"level":"warn","message":{"email":"vepeham116@oronny.com"},"service":"user-service","timestamp":"15:40:40"}
{"email":"vepeham116@oronny.com","level":"warn","message":"Registration failed: User already exists","service":"user-service","timestamp":"15:42:28"}
{"level":"warn","message":"Validation error during registration","service":"user-service","timestamp":"18:01:23","validationError":"\"id\" is not allowed"}
{"level":"warn","message":"Validation error during registration","service":"user-service","timestamp":"12:17:03","validationError":"\"phoneNumber\" is required"}
{"level":"warn","message":"Validation error during registration","service":"user-service","timestamp":"11:06:09","validationError":"\"password\" is required"}
{"email":"heboci1684@buides.com","level":"warn","message":"Registration failed: User already exists","service":"user-service","timestamp":"15:27:29"}
{"email":"heboci1684@buides.com","level":"warn","message":"Registration failed: User already exists","service":"user-service","timestamp":"15:28:55"}
{"level":"warn","message":"Validation error during registration","service":"user-service","timestamp":"12:57:40","validationError":"\"unique_id\" is required"}
{"email":"heboci1684@buides.com","level":"warn","message":"Registration failed: User already exists","service":"user-service","timestamp":"11:00:01"}
{"email":"heboci1684@buides.com","level":"warn","message":"Registration failed: User already exists","service":"user-service","timestamp":"11:00:07"}
{"email":"heboci1684@buides.com","level":"warn","message":"Registration failed: User already exists","service":"user-service","timestamp":"11:00:08"}
{"email":"heboci1684@buides.com","level":"warn","message":"Registration failed: User already exists","service":"user-service","timestamp":"11:00:08"}
{"email":"heboci1684@buides.com","level":"warn","message":"Registration failed: User already exists","service":"user-service","timestamp":"11:02:04"}
{"level":"warn","message":"Validation error during registration","service":"user-service","timestamp":"15:47:11","validationError":"\"unique_id\" is required"}
{"level":"warn","message":"Validation error during registration","service":"user-service","timestamp":"15:47:11","validationError":"\"unique_id\" is required"}
